0 info it worked if it ends with ok
1 verbose cli [ 'node', '/usr/local/bin/npm', 'install', 'react-click' ]
2 info using npm@3.10.5
3 info using node@v0.10.25
4 verbose node symlink /usr/bin/node
5 silly loadCurrentTree Starting
6 silly install loadCurrentTree
7 silly install readLocalPackageData
8 silly fetchPackageMetaData react-click
9 silly fetchNamedPackageData react-click
10 silly mapToRegistry name react-click
11 silly mapToRegistry using default registry
12 silly mapToRegistry registry https://registry.npmjs.org/
13 silly mapToRegistry data { raw: 'react-click',
13 silly mapToRegistry   scope: null,
13 silly mapToRegistry   escapedName: 'react-click',
13 silly mapToRegistry   name: 'react-click',
13 silly mapToRegistry   rawSpec: '',
13 silly mapToRegistry   spec: 'latest',
13 silly mapToRegistry   type: 'tag' }
14 silly mapToRegistry uri https://registry.npmjs.org/react-click
15 verbose request uri https://registry.npmjs.org/react-click
16 verbose request no auth needed
17 info attempt registry request try #1 at 23:36:17
18 verbose request id c22e08d760c84dfd
19 http request GET https://registry.npmjs.org/react-click
20 http 404 https://registry.npmjs.org/react-click
21 verbose headers { 'content-type': 'application/json',
21 verbose headers   'cache-control': 'max-age=0',
21 verbose headers   'content-length': '2',
21 verbose headers   'accept-ranges': 'bytes',
21 verbose headers   date: 'Sun, 21 Aug 2016 20:36:18 GMT',
21 verbose headers   via: '1.1 varnish',
21 verbose headers   age: '0',
21 verbose headers   connection: 'keep-alive',
21 verbose headers   'x-served-by': 'cache-fra1235-FRA',
21 verbose headers   'x-cache': 'MISS',
21 verbose headers   'x-cache-hits': '0',
21 verbose headers   'x-timer': 'S1471811778.097650,VS0,VE110',
21 verbose headers   vary: 'Accept-Encoding' }
22 silly get cb [ 404,
22 silly get   { 'content-type': 'application/json',
22 silly get     'cache-control': 'max-age=0',
22 silly get     'content-length': '2',
22 silly get     'accept-ranges': 'bytes',
22 silly get     date: 'Sun, 21 Aug 2016 20:36:18 GMT',
22 silly get     via: '1.1 varnish',
22 silly get     age: '0',
22 silly get     connection: 'keep-alive',
22 silly get     'x-served-by': 'cache-fra1235-FRA',
22 silly get     'x-cache': 'MISS',
22 silly get     'x-cache-hits': '0',
22 silly get     'x-timer': 'S1471811778.097650,VS0,VE110',
22 silly get     vary: 'Accept-Encoding' } ]
23 silly fetchPackageMetaData Error: Registry returned 404 for GET on https://registry.npmjs.org/react-click
23 silly fetchPackageMetaData     at makeError (/usr/local/lib/node_modules/npm/node_modules/npm-registry-client/lib/request.js:264:12)
23 silly fetchPackageMetaData     at CachingRegistryClient.<anonymous> (/usr/local/lib/node_modules/npm/node_modules/npm-registry-client/lib/request.js:242:14)
23 silly fetchPackageMetaData     at Request._callback (/usr/local/lib/node_modules/npm/node_modules/npm-registry-client/lib/request.js:172:14)
23 silly fetchPackageMetaData     at Request.self.callback (/usr/local/lib/node_modules/npm/node_modules/request/request.js:200:22)
23 silly fetchPackageMetaData     at Request.EventEmitter.emit (events.js:98:17)
23 silly fetchPackageMetaData     at Request.<anonymous> (/usr/local/lib/node_modules/npm/node_modules/request/request.js:1067:10)
23 silly fetchPackageMetaData     at Request.EventEmitter.emit (events.js:117:20)
23 silly fetchPackageMetaData     at IncomingMessage.<anonymous> (/usr/local/lib/node_modules/npm/node_modules/request/request.js:988:12)
23 silly fetchPackageMetaData     at IncomingMessage.EventEmitter.emit (events.js:117:20)
23 silly fetchPackageMetaData     at _stream_readable.js:920:16
23 silly fetchPackageMetaData  error for react-click { [Error: Registry returned 404 for GET on https://registry.npmjs.org/react-click] pkgid: 'react-click', statusCode: 404, code: 'E404' }
24 silly rollbackFailedOptional Starting
25 silly rollbackFailedOptional Finishing
26 silly runTopLevelLifecycles Starting
27 silly runTopLevelLifecycles Finishing
28 silly install printInstalled
29 verbose stack Error: Registry returned 404 for GET on https://registry.npmjs.org/react-click
29 verbose stack     at makeError (/usr/local/lib/node_modules/npm/node_modules/npm-registry-client/lib/request.js:264:12)
29 verbose stack     at CachingRegistryClient.<anonymous> (/usr/local/lib/node_modules/npm/node_modules/npm-registry-client/lib/request.js:242:14)
29 verbose stack     at Request._callback (/usr/local/lib/node_modules/npm/node_modules/npm-registry-client/lib/request.js:172:14)
29 verbose stack     at Request.self.callback (/usr/local/lib/node_modules/npm/node_modules/request/request.js:200:22)
29 verbose stack     at Request.EventEmitter.emit (events.js:98:17)
29 verbose stack     at Request.<anonymous> (/usr/local/lib/node_modules/npm/node_modules/request/request.js:1067:10)
29 verbose stack     at Request.EventEmitter.emit (events.js:117:20)
29 verbose stack     at IncomingMessage.<anonymous> (/usr/local/lib/node_modules/npm/node_modules/request/request.js:988:12)
29 verbose stack     at IncomingMessage.EventEmitter.emit (events.js:117:20)
29 verbose stack     at _stream_readable.js:920:16
30 verbose statusCode 404
31 verbose pkgid react-click
32 verbose cwd /home/yevhenii/WebstormProjects/untitled1
33 error Linux 4.2.0-42-generic
34 error argv "node" "/usr/local/bin/npm" "install" "react-click"
35 error node v0.10.25
36 error npm  v3.10.5
37 error code E404
38 error 404 Registry returned 404 for GET on https://registry.npmjs.org/react-click
39 error 404
40 error 404 'react-click' is not in the npm registry.
41 error 404 You should bug the author to publish it (or use the name yourself!)
42 error 404 Note that you can also install from a
43 error 404 tarball, folder, http url, or git url.
44 verbose exit [ 1, true ]
